<?xml version="1.0" encoding="UTF-8"?>
<!-- Generated by org.testng.reporters.JUnitReportReporter -->
<testsuite hostname="Prashant" failures="0" tests="1" name="eCommerceAppTesting.eCommereceTC3" time="28.254" errors="0" timestamp="2022-11-04T19:45:01 IST" skipped="0">
  <testcase classname="eCommerceAppTesting.eCommereceTC3" name="fillForm" time="28.254"/>
  <system-out/>
</testsuite> <!-- eCommerceAppTesting.eCommereceTC3 -->
