<?xml version="1.0" encoding="UTF-8"?>
<!-- Generated by org.testng.reporters.JUnitReportReporter -->
<testsuite hostname="Prashant" failures="0" tests="1" name="eCommerceAppTesting.eCommereceTC1" time="26.951" errors="0" timestamp="2022-10-22T17:39:39 IST" skipped="0">
  <testcase classname="eCommerceAppTesting.eCommereceTC1" name="fillForm" time="26.951"/>
  <system-out/>
</testsuite> <!-- eCommerceAppTesting.eCommereceTC1 -->
