<?xml version="1.0" encoding="UTF-8"?>
<!-- Generated by org.testng.reporters.JUnitReportReporter -->
<testsuite hostname="Prashant" failures="0" tests="1" name="prashanthule.SwipeGesture" time="15.036" errors="0" timestamp="2022-10-22T14:00:32 IST" skipped="0">
  <testcase classname="prashanthule.SwipeGesture" name="scrollGestureTest" time="15.036"/>
  <system-out/>
</testsuite> <!-- prashanthule.SwipeGesture -->
