<?xml version="1.0" encoding="UTF-8"?>
<!-- Generated by org.testng.reporters.JUnitReportReporter -->
<testsuite hostname="Prashant" failures="0" tests="1" name="eCommerceAppTesting.eCommereceTC2" time="110.268" errors="0" timestamp="2022-11-04T18:46:31 IST" skipped="0">
  <testcase classname="eCommerceAppTesting.eCommereceTC2" name="fillForm" time="110.268"/>
  <system-out/>
</testsuite> <!-- eCommerceAppTesting.eCommereceTC2 -->
