<?xml version="1.0" encoding="UTF-8"?>
<!-- Generated by org.testng.reporters.JUnitReportReporter -->
<testsuite hostname="Prashant" failures="0" tests="1" name="prashanthule.DragDropGesture" time="13.032" errors="0" timestamp="2022-10-22T14:33:03 IST" skipped="0">
  <testcase classname="prashanthule.DragDropGesture" name="dragDropGestureTest" time="13.032"/>
  <system-out/>
</testsuite> <!-- prashanthule.DragDropGesture -->
