<?xml version="1.0" encoding="UTF-8"?>
<!-- Generated by org.testng.reporters.JUnitReportReporter -->
<testsuite hostname="Prashant" failures="0" tests="1" name="prashanthule.ScrollGesture" time="18.920" errors="0" timestamp="2022-10-22T13:41:52 IST" skipped="0">
  <testcase classname="prashanthule.ScrollGesture" name="scrollGestureTest" time="18.920"/>
  <system-out/>
</testsuite> <!-- prashanthule.ScrollGesture -->
