<?xml version="1.0" encoding="UTF-8"?>
<!-- Generated by org.testng.reporters.JUnitReportReporter -->
<testsuite hostname="Prashant" failures="0" tests="1" name="prashanthule.ApiumBasics" time="15.210" errors="0" timestamp="2022-10-22T15:21:16 IST" skipped="0">
  <testcase classname="prashanthule.ApiumBasics" name="WifiSettingsName" time="15.210"/>
  <system-out/>
</testsuite> <!-- prashanthule.ApiumBasics -->
