<?xml version="1.0" encoding="UTF-8"?>
<!-- Generated by org.testng.reporters.JUnitReportReporter -->
<testsuite hostname="Prashant" failures="0" tests="1" name="prashanthule.LongPressGesture" time="14.535" errors="0" timestamp="2022-10-22T13:14:39 IST" skipped="0">
  <testcase classname="prashanthule.LongPressGesture" name="longGestureTest" time="14.535"/>
  <system-out/>
</testsuite> <!-- prashanthule.LongPressGesture -->
