<?xml version="1.0" encoding="UTF-8"?>
<!-- Generated by org.testng.reporters.JUnitReportReporter -->
<testsuite hostname="Prashant" failures="0" tests="1" name="prashanthule.MisceallanousAppiumActions" time="24.105" errors="0" timestamp="2022-10-22T15:23:24 IST" skipped="0">
  <testcase classname="prashanthule.MisceallanousAppiumActions" name="scrollGestureTest" time="24.105"/>
  <system-out/>
</testsuite> <!-- prashanthule.MisceallanousAppiumActions -->
